[0.299s] Invoking command in '/home/femi/Mybot2_ws/build/Diff_drive_custom_plugin': CMAKE_PREFIX_PATH=${CMAKE_PREFIX_PATH}:/opt/ros/humble /usr/bin/cmake --build /home/femi/Mybot2_ws/build/Diff_drive_custom_plugin -- -j6 -l6
[0.577s] [35m[1mConsolidate compiler generated dependencies of target Diff_drive_custom_plugin[0m
[0.950s] [ 50%] [32mBuilding CXX object CMakeFiles/Diff_drive_custom_plugin.dir/src/Diff_drive_custom.cpp.o[0m
[18.509s] In file included from [01m[K/home/femi/Mybot2_ws/src/Diff_drive_custom_plugin/src/Diff_drive_custom.cpp:30[m[K:
[18.509s] [01m[K/opt/ros/humble/include/tf2_geometry_msgs/tf2_geometry_msgs/tf2_geometry_msgs.h:35:2:[m[K [01;35m[Kwarning: [m[K#warning This header is obsolete, please include tf2_geometry_msgs/tf2_geometry_msgs.hpp instead [[01;35m[K]8;;https://gcc.gnu.org/onlinedocs/gcc/Warning-Options.html#index-Wcpp-Wcpp]8;;[m[K]
[18.509s]    35 | #[01;35m[Kwarning[m[K This header is obsolete, please include tf2_geometry_msgs/tf2_geometry_msgs.hpp instead
[18.510s]       |  [01;35m[K^~~~~~~[m[K
[33.838s] In file included from [01m[K/usr/include/boost/smart_ptr/detail/sp_thread_sleep.hpp:22[m[K,
[33.838s]                  from [01m[K/usr/include/boost/smart_ptr/detail/yield_k.hpp:23[m[K,
[33.838s]                  from [01m[K/usr/include/boost/smart_ptr/detail/spinlock_gcc_atomic.hpp:14[m[K,
[33.839s]                  from [01m[K/usr/include/boost/smart_ptr/detail/spinlock.hpp:42[m[K,
[33.839s]                  from [01m[K/usr/include/boost/smart_ptr/detail/spinlock_pool.hpp:25[m[K,
[33.839s]                  from [01m[K/usr/include/boost/smart_ptr/shared_ptr.hpp:29[m[K,
[33.839s]                  from [01m[K/usr/include/boost/shared_ptr.hpp:17[m[K,
[33.840s]                  from [01m[K/usr/include/gazebo-11/gazebo/common/CommonTypes.hh:24[m[K,
[33.840s]                  from [01m[K/usr/include/gazebo-11/gazebo/common/Time.hh:26[m[K,
[33.840s]                  from [01m[K/home/femi/Mybot2_ws/src/Diff_drive_custom_plugin/src/Diff_drive_custom.cpp:2[m[K:
[33.841s] [01m[K/usr/include/boost/bind.hpp:36:1:[m[K [01;36m[Knote: [m[Kâ€˜[01m[K#pragma message: The practice of declaring the Bind placeholders (_1, _2, ...) in the global namespace is deprecated. Please use <boost/bind/bind.hpp> + using namespace boost::placeholders, or define BOOST_BIND_GLOBAL_PLACEHOLDERS to retain the current behavior.[m[Kâ€™
[33.841s]    36 | [01;36m[KBOOST_PRAGMA_MESSAGE[m[K(
[33.842s]       | [01;36m[K^~~~~~~~~~~~~~~~~~~~[m[K
[34.338s] [01m[K/home/femi/Mybot2_ws/src/Diff_drive_custom_plugin/src/Diff_drive_custom.cpp:[m[K In member function â€˜[01m[Kvirtual void gazebo_plugins::GazeboDiffDrive::Load(gazebo::physics::ModelPtr, sdf::v9::ElementPtr)[m[Kâ€™:
[34.338s] [01m[K/home/femi/Mybot2_ws/src/Diff_drive_custom_plugin/src/Diff_drive_custom.cpp:106:21:[m[K [01;31m[Kerror: [m[Kâ€˜[01m[Kclass gazebo_plugins::GazeboPrivateDiffDrive[m[Kâ€™ has no member named â€˜[01m[Kmax_wheel_accelaration[m[Kâ€™; did you mean â€˜[01m[Kmax_wheel_accelaration_[m[Kâ€™?
[34.339s]   106 |         _driveImpl->[01;31m[Kmax_wheel_accelaration[m[K = _sdf->Get<double>("max_wheel_accelaration", 0.0).first;
[34.339s]       |                     [01;31m[K^~~~~~~~~~~~~~~~~~~~~~[m[K
[34.339s]       |                     [32m[Kmax_wheel_accelaration_[m[K
[34.416s] [01m[K/home/femi/Mybot2_ws/src/Diff_drive_custom_plugin/src/Diff_drive_custom.cpp:[m[K In member function â€˜[01m[Kvoid gazebo_plugins::GazeboPrivateDiffDrive::onChildUpdate(const gazebo::common::UpdateInfo&)[m[Kâ€™:
[34.418s] [01m[K/home/femi/Mybot2_ws/src/Diff_drive_custom_plugin/src/Diff_drive_custom.cpp:348:17:[m[K [01;31m[Kerror: [m[Kâ€˜[01m[Kmax_wheel_accel_[m[Kâ€™ was not declared in this scope
[34.419s]   348 |             if ([01;31m[Kmax_wheel_accel_[m[K == 0 )
[34.419s]       |                 [01;31m[K^~~~~~~~~~~~~~~~[m[K
[43.628s] gmake[2]: *** [CMakeFiles/Diff_drive_custom_plugin.dir/build.make:76: CMakeFiles/Diff_drive_custom_plugin.dir/src/Diff_drive_custom.cpp.o] Error 1
[43.628s] gmake[1]: *** [CMakeFiles/Makefile2:137: CMakeFiles/Diff_drive_custom_plugin.dir/all] Error 2
[43.630s] gmake: *** [Makefile:146: all] Error 2
[43.640s] Invoked command in '/home/femi/Mybot2_ws/build/Diff_drive_custom_plugin' returned '2': CMAKE_PREFIX_PATH=${CMAKE_PREFIX_PATH}:/opt/ros/humble /usr/bin/cmake --build /home/femi/Mybot2_ws/build/Diff_drive_custom_plugin -- -j6 -l6
